[1114/172541.661:ERROR:directory_reader_win.cc(43)] FindFirstFile: The system cannot find the path specified. (0x3)
[1119/141343.286:ERROR:directory_reader_win.cc(43)] FindFirstFile: The system cannot find the path specified. (0x3)
[1123/061252.297:ERROR:directory_reader_win.cc(43)] FindFirstFile: The system cannot find the path specified. (0x3)
[1125/144638.377:ERROR:directory_reader_win.cc(43)] FindFirstFile: The system cannot find the path specified. (0x3)
[1126/122422.325:ERROR:process_reader_win.cc(151)] SuspendThread: Access is denied. (0x5)
[1126/122422.325:ERROR:process_reader_win.cc(151)] SuspendThread: Access is denied. (0x5)
[1126/122422.325:ERROR:process_reader_win.cc(123)] NtOpenThread: {Access Denied} A process has requested access to an object, but has not been granted those access rights. (0xc0000022)
[1126/122422.327:ERROR:exception_snapshot_win.cc(99)] thread ID 20172 not found in process
[1126/122422.332:ERROR:process_reader_win.cc(151)] SuspendThread: Access is denied. (0x5)
[1126/122422.332:ERROR:process_reader_win.cc(151)] SuspendThread: Access is denied. (0x5)
[1126/122422.332:ERROR:process_reader_win.cc(151)] SuspendThread: Access is denied. (0x5)
[1126/122422.332:ERROR:process_reader_win.cc(151)] SuspendThread: Access is denied. (0x5)
[1126/122422.332:ERROR:process_reader_win.cc(151)] SuspendThread: Access is denied. (0x5)
[1126/122422.332:ERROR:process_reader_win.cc(151)] SuspendThread: Access is denied. (0x5)
[1126/122422.332:ERROR:process_reader_win.cc(151)] SuspendThread: Access is denied. (0x5)
[1126/122422.332:ERROR:process_reader_win.cc(151)] SuspendThread: Access is denied. (0x5)
[1126/122422.332:ERROR:process_reader_win.cc(151)] SuspendThread: Access is denied. (0x5)
[1126/122422.332:ERROR:process_reader_win.cc(151)] SuspendThread: Access is denied. (0x5)
[1126/122422.332:ERROR:process_reader_win.cc(151)] SuspendThread: Access is denied. (0x5)
[1126/122422.332:ERROR:process_reader_win.cc(151)] SuspendThread: Access is denied. (0x5)
[1126/122422.332:ERROR:process_reader_win.cc(151)] SuspendThread: Access is denied. (0x5)
[1126/122422.332:ERROR:process_reader_win.cc(151)] SuspendThread: Access is denied. (0x5)
[1126/122422.332:ERROR:process_reader_win.cc(151)] SuspendThread: Access is denied. (0x5)
[1126/122422.332:ERROR:process_reader_win.cc(151)] SuspendThread: Access is denied. (0x5)
[1126/122422.332:ERROR:process_reader_win.cc(151)] SuspendThread: Access is denied. (0x5)
[1126/122422.332:ERROR:process_reader_win.cc(123)] NtOpenThread: {Access Denied} A process has requested access to an object, but has not been granted those access rights. (0xc0000022)
[1126/122422.332:ERROR:exception_snapshot_win.cc(99)] thread ID 11720 not found in process
[1126/122422.339:ERROR:process_reader_win.cc(151)] SuspendThread: Access is denied. (0x5)
[1126/122422.339:ERROR:process_reader_win.cc(151)] SuspendThread: Access is denied. (0x5)
[1126/122422.339:ERROR:process_reader_win.cc(151)] SuspendThread: Access is denied. (0x5)
[1126/122422.339:ERROR:process_reader_win.cc(151)] SuspendThread: Access is denied. (0x5)
[1126/122422.339:ERROR:process_reader_win.cc(151)] SuspendThread: Access is denied. (0x5)
[1126/122422.339:ERROR:process_reader_win.cc(151)] SuspendThread: Access is denied. (0x5)
[1126/122422.339:ERROR:process_reader_win.cc(151)] SuspendThread: Access is denied. (0x5)
[1126/122422.339:ERROR:process_reader_win.cc(151)] SuspendThread: Access is denied. (0x5)
[1126/122422.339:ERROR:process_reader_win.cc(151)] SuspendThread: Access is denied. (0x5)
[1126/122422.339:ERROR:process_reader_win.cc(151)] SuspendThread: Access is denied. (0x5)
[1126/122422.339:ERROR:process_reader_win.cc(151)] SuspendThread: Access is denied. (0x5)
[1126/122422.339:ERROR:process_reader_win.cc(151)] SuspendThread: Access is denied. (0x5)
[1126/122422.339:ERROR:process_reader_win.cc(123)] NtOpenThread: {Access Denied} A process has requested access to an object, but has not been granted those access rights. (0xc0000022)
[1126/122422.339:ERROR:exception_snapshot_win.cc(99)] thread ID 24264 not found in process
[1126/122422.325:ERROR:process_reader_win.cc(151)] SuspendThread: Access is denied. (0x5)
[1126/122422.341:ERROR:process_reader_win.cc(151)] SuspendThread: Access is denied. (0x5)
[1126/122422.341:ERROR:process_reader_win.cc(151)] SuspendThread: Access is denied. (0x5)
[1126/122422.341:ERROR:process_reader_win.cc(151)] SuspendThread: Access is denied. (0x5)
[1126/122422.341:ERROR:process_reader_win.cc(151)] SuspendThread: Access is denied. (0x5)
[1126/122422.342:ERROR:process_reader_win.cc(151)] SuspendThread: Access is denied. (0x5)
[1126/122422.342:ERROR:process_reader_win.cc(151)] SuspendThread: Access is denied. (0x5)
[1126/122422.342:ERROR:process_reader_win.cc(151)] SuspendThread: Access is denied. (0x5)
[1126/122422.342:ERROR:process_reader_win.cc(151)] SuspendThread: Access is denied. (0x5)
[1126/122422.342:ERROR:process_reader_win.cc(151)] SuspendThread: Access is denied. (0x5)
[1126/122422.342:ERROR:process_reader_win.cc(151)] SuspendThread: Access is denied. (0x5)
[1126/122422.342:ERROR:process_reader_win.cc(151)] SuspendThread: Access is denied. (0x5)
[1126/122422.342:ERROR:process_reader_win.cc(123)] NtOpenThread: {Access Denied} A process has requested access to an object, but has not been granted those access rights. (0xc0000022)
[1126/122422.342:ERROR:exception_snapshot_win.cc(99)] thread ID 27352 not found in process
[1126/122422.344:ERROR:process_reader_win.cc(151)] SuspendThread: Access is denied. (0x5)
[1126/122422.344:ERROR:process_reader_win.cc(151)] SuspendThread: Access is denied. (0x5)
[1126/122422.344:ERROR:process_reader_win.cc(151)] SuspendThread: Access is denied. (0x5)
[1126/122422.344:ERROR:process_reader_win.cc(151)] SuspendThread: Access is denied. (0x5)
[1126/122422.344:ERROR:process_reader_win.cc(151)] SuspendThread: Access is denied. (0x5)
[1126/122422.344:ERROR:process_reader_win.cc(151)] SuspendThread: Access is denied. (0x5)
[1126/122422.344:ERROR:process_reader_win.cc(151)] SuspendThread: Access is denied. (0x5)
[1126/122422.344:ERROR:process_reader_win.cc(151)] SuspendThread: Access is denied. (0x5)
[1126/122422.345:ERROR:process_reader_win.cc(151)] SuspendThread: Access is denied. (0x5)
[1126/122422.345:ERROR:process_reader_win.cc(151)] SuspendThread: Access is denied. (0x5)
[1126/122422.345:ERROR:process_reader_win.cc(151)] SuspendThread: Access is denied. (0x5)
[1126/122422.345:ERROR:process_reader_win.cc(151)] SuspendThread: Access is denied. (0x5)
[1126/122422.345:ERROR:process_reader_win.cc(123)] NtOpenThread: {Access Denied} A process has requested access to an object, but has not been granted those access rights. (0xc0000022)
[1126/122422.345:ERROR:exception_snapshot_win.cc(99)] thread ID 12768 not found in process
[1126/122422.351:ERROR:process_reader_win.cc(151)] SuspendThread: Access is denied. (0x5)
[1126/122422.351:ERROR:process_reader_win.cc(151)] SuspendThread: Access is denied. (0x5)
[1126/122422.351:ERROR:process_reader_win.cc(123)] NtOpenThread: {Access Denied} A process has requested access to an object, but has not been granted those access rights. (0xc0000022)
[1126/122422.351:ERROR:exception_snapshot_win.cc(99)] thread ID 24160 not found in process
[1126/122422.390:ERROR:process_info.cc(329)] VirtualQueryEx: Access is denied. (0x5)
[1126/122422.390:ERROR:process_info.cc(556)] ReadMemoryInfo failed
[1126/122422.390:ERROR:scoped_process_suspend.cc(40)] NtResumeProcess: An attempt was made to access an exiting process. (0xc000010a)
